<?xml version="1.0" encoding="UTF-8"?>
<robot generator="Robot 7.0.1 (Python 3.12.3 on win32)" generated="2024-08-09T14:01:30.472266" rpa="false" schemaversion="5">
<suite id="s1" name="Testsuites" source="C:\Users\ITA-40138\Documents\Robot Framework\testsuites">
<suite id="s1-s1" name="Fe Sign Up" source="C:\Users\ITA-40138\Documents\Robot Framework\testsuites\fe_sign_up.robot">
<test id="s1-s1-t1" name="Test Scenario 2: Sign up with Existing Credentials" line="16">
<kw name="Launch Testing Website" owner="setup-teardown" type="SETUP">
<kw name="Main Setup" owner="setup-teardown">
<kw name="Empty Directory" owner="OperatingSystem">
<msg time="2024-08-09T14:01:30.651360" level="INFO" html="true">Listing contents of directory '&lt;a href="file://C:\Users\ITA-40138\Documents\Robot Framework\testsuites\screenshots"&gt;C:\Users\ITA-40138\Documents\Robot Framework\testsuites\screenshots&lt;/a&gt;'.</msg>
<msg time="2024-08-09T14:01:30.652359" level="INFO" html="true">Emptied directory '&lt;a href="file://C:\Users\ITA-40138\Documents\Robot Framework\testsuites\screenshots"&gt;C:\Users\ITA-40138\Documents\Robot Framework\testsuites\screenshots&lt;/a&gt;'.</msg>
<arg>testsuites/screenshots</arg>
<doc>Deletes all the content from the given directory.</doc>
<status status="PASS" start="2024-08-09T14:01:30.651360" elapsed="0.000999"/>
</kw>
<kw name="Set Screenshot Directory" owner="SeleniumLibrary">
<arg>testsuites/screenshots</arg>
<doc>Sets the directory for captured screenshots.</doc>
<status status="PASS" start="2024-08-09T14:01:30.652359" elapsed="0.000000"/>
</kw>
<kw name="Open Browser" owner="SeleniumLibrary">
<msg time="2024-08-09T14:01:30.652359" level="INFO">Opening browser 'Google Chrome' to base url 'https://www.automationexercise.com/'.</msg>
<arg>${url}</arg>
<arg>Google Chrome</arg>
<doc>Opens a new browser instance to the optional ``url``.</doc>
<status status="PASS" start="2024-08-09T14:01:30.652359" elapsed="7.336835"/>
</kw>
<kw name="Maximize Browser Window" owner="SeleniumLibrary">
<doc>Maximizes current browser window.</doc>
<status status="PASS" start="2024-08-09T14:01:37.989194" elapsed="0.040141"/>
</kw>
<arg>${url}</arg>
<status status="PASS" start="2024-08-09T14:01:30.650356" elapsed="7.378979"/>
</kw>
<arg>${website_url}</arg>
<status status="PASS" start="2024-08-09T14:01:30.650356" elapsed="7.378979"/>
</kw>
<kw name="Given I landed in the website" owner="fe_sign_in_keywords">
<kw name="Verify If Element Is Existing" owner="global_keywords">
<kw name="Wait Until Keyword Succeeds" owner="BuiltIn">
<kw name="Element Should Be Visible" owner="SeleniumLibrary">
<msg time="2024-08-09T14:01:38.068447" level="INFO">Element 'css:header#header' is displayed.</msg>
<arg>${locator}</arg>
<doc>Verifies that the element identified by ``locator`` is visible.</doc>
<status status="PASS" start="2024-08-09T14:01:38.031335" elapsed="0.037112"/>
</kw>
<arg>10s</arg>
<arg>1s</arg>
<arg>Element Should Be Visible</arg>
<arg>${locator}</arg>
<doc>Runs the specified keyword and retries if it fails.</doc>
<status status="PASS" start="2024-08-09T14:01:38.031335" elapsed="0.037112"/>
</kw>
<arg>${nav_main}</arg>
<status status="PASS" start="2024-08-09T14:01:38.030335" elapsed="0.038112"/>
</kw>
<status status="PASS" start="2024-08-09T14:01:38.030335" elapsed="0.038112"/>
</kw>
<kw name="And I navigated to the SignUp form" owner="fe_sign_in_keywords">
<kw name="Click Specific Element" owner="global_keywords">
<kw name="Wait Until Keyword Succeeds" owner="BuiltIn">
<kw name="Click Element" owner="SeleniumLibrary">
<msg time="2024-08-09T14:01:38.069398" level="INFO">Clicking element 'css:div.shop-menu li:nth-child(4)'.</msg>
<arg>${locator}</arg>
<doc>Click the element identified by ``locator``.</doc>
<status status="PASS" start="2024-08-09T14:01:38.069398" elapsed="0.715688"/>
</kw>
<arg>10s</arg>
<arg>1s</arg>
<arg>Click Element</arg>
<arg>${locator}</arg>
<doc>Runs the specified keyword and retries if it fails.</doc>
<status status="PASS" start="2024-08-09T14:01:38.069398" elapsed="0.715688"/>
</kw>
<arg>${signup_nav_button}</arg>
<status status="PASS" start="2024-08-09T14:01:38.069398" elapsed="0.716689"/>
</kw>
<kw name="Verify If Element Is Existing" owner="global_keywords">
<kw name="Wait Until Keyword Succeeds" owner="BuiltIn">
<kw name="Element Should Be Visible" owner="SeleniumLibrary">
<msg time="2024-08-09T14:01:38.819525" level="INFO">Element 'css:#form div.row' is displayed.</msg>
<arg>${locator}</arg>
<doc>Verifies that the element identified by ``locator`` is visible.</doc>
<status status="PASS" start="2024-08-09T14:01:38.786087" elapsed="0.033438"/>
</kw>
<arg>10s</arg>
<arg>1s</arg>
<arg>Element Should Be Visible</arg>
<arg>${locator}</arg>
<doc>Runs the specified keyword and retries if it fails.</doc>
<status status="PASS" start="2024-08-09T14:01:38.786087" elapsed="0.033438"/>
</kw>
<arg>${signup_page}</arg>
<status status="PASS" start="2024-08-09T14:01:38.786087" elapsed="0.033438"/>
</kw>
<kw name="Verify If Element Is Existing" owner="global_keywords">
<kw name="Wait Until Keyword Succeeds" owner="BuiltIn">
<kw name="Element Should Be Visible" owner="SeleniumLibrary">
<msg time="2024-08-09T14:01:38.842349" level="INFO">Element 'css:div.signup-form' is displayed.</msg>
<arg>${locator}</arg>
<doc>Verifies that the element identified by ``locator`` is visible.</doc>
<status status="PASS" start="2024-08-09T14:01:38.820513" elapsed="0.021836"/>
</kw>
<arg>10s</arg>
<arg>1s</arg>
<arg>Element Should Be Visible</arg>
<arg>${locator}</arg>
<doc>Runs the specified keyword and retries if it fails.</doc>
<status status="PASS" start="2024-08-09T14:01:38.820513" elapsed="0.021836"/>
</kw>
<arg>${signup_form}</arg>
<status status="PASS" start="2024-08-09T14:01:38.819525" elapsed="0.022824"/>
</kw>
<status status="PASS" start="2024-08-09T14:01:38.069398" elapsed="0.772951"/>
</kw>
<kw name="And I enter a username" owner="fe_sign_in_keywords">
<kw name="Verify If Element Is Existing" owner="global_keywords">
<kw name="Wait Until Keyword Succeeds" owner="BuiltIn">
<kw name="Element Should Be Visible" owner="SeleniumLibrary">
<msg time="2024-08-09T14:01:38.881530" level="INFO">Element 'css:div.signup-form input[data-qa=signup-name]' is displayed.</msg>
<arg>${locator}</arg>
<doc>Verifies that the element identified by ``locator`` is visible.</doc>
<status status="PASS" start="2024-08-09T14:01:38.843353" elapsed="0.038177"/>
</kw>
<arg>10s</arg>
<arg>1s</arg>
<arg>Element Should Be Visible</arg>
<arg>${locator}</arg>
<doc>Runs the specified keyword and retries if it fails.</doc>
<status status="PASS" start="2024-08-09T14:01:38.843353" elapsed="0.038177"/>
</kw>
<arg>${signup_name}</arg>
<status status="PASS" start="2024-08-09T14:01:38.843353" elapsed="0.038177"/>
</kw>
<kw name="Type A Specific Text" owner="global_keywords">
<kw name="Wait Until Keyword Succeeds" owner="BuiltIn">
<kw name="Input Text" owner="SeleniumLibrary">
<msg time="2024-08-09T14:01:38.883855" level="INFO">Typing text 'John Doe' into text field 'css:div.signup-form input[data-qa=signup-name]'.</msg>
<arg>${locator}</arg>
<arg>${text}</arg>
<doc>Types the given ``text`` into the text field identified by ``locator``.</doc>
<status status="PASS" start="2024-08-09T14:01:38.882851" elapsed="0.201906"/>
</kw>
<arg>10s</arg>
<arg>1s</arg>
<arg>Input Text</arg>
<arg>${locator}</arg>
<arg>${text}</arg>
<doc>Runs the specified keyword and retries if it fails.</doc>
<status status="PASS" start="2024-08-09T14:01:38.882851" elapsed="0.203160"/>
</kw>
<arg>${signup_name}</arg>
<arg>${username}</arg>
<status status="PASS" start="2024-08-09T14:01:38.882851" elapsed="0.203160"/>
</kw>
<arg>${sample_username}</arg>
<status status="PASS" start="2024-08-09T14:01:38.843353" elapsed="0.242658"/>
</kw>
<kw name="And I enter an email" owner="fe_sign_in_keywords">
<kw name="Verify If Element Is Existing" owner="global_keywords">
<kw name="Wait Until Keyword Succeeds" owner="BuiltIn">
<kw name="Element Should Be Visible" owner="SeleniumLibrary">
<msg time="2024-08-09T14:01:39.101564" level="INFO">Element 'css:div.signup-form input[data-qa=signup-email]' is displayed.</msg>
<arg>${locator}</arg>
<doc>Verifies that the element identified by ``locator`` is visible.</doc>
<status status="PASS" start="2024-08-09T14:01:39.087017" elapsed="0.014547"/>
</kw>
<arg>10s</arg>
<arg>1s</arg>
<arg>Element Should Be Visible</arg>
<arg>${locator}</arg>
<doc>Runs the specified keyword and retries if it fails.</doc>
<status status="PASS" start="2024-08-09T14:01:39.087017" elapsed="0.014547"/>
</kw>
<arg>${signup_email}</arg>
<status status="PASS" start="2024-08-09T14:01:39.087017" elapsed="0.014547"/>
</kw>
<kw name="Type A Specific Text" owner="global_keywords">
<kw name="Wait Until Keyword Succeeds" owner="BuiltIn">
<kw name="Input Text" owner="SeleniumLibrary">
<msg time="2024-08-09T14:01:39.101564" level="INFO">Typing text 'sample@gmail.com' into text field 'css:div.signup-form input[data-qa=signup-email]'.</msg>
<arg>${locator}</arg>
<arg>${text}</arg>
<doc>Types the given ``text`` into the text field identified by ``locator``.</doc>
<status status="PASS" start="2024-08-09T14:01:39.101564" elapsed="0.092778"/>
</kw>
<arg>10s</arg>
<arg>1s</arg>
<arg>Input Text</arg>
<arg>${locator}</arg>
<arg>${text}</arg>
<doc>Runs the specified keyword and retries if it fails.</doc>
<status status="PASS" start="2024-08-09T14:01:39.101564" elapsed="0.092778"/>
</kw>
<arg>${signup_email}</arg>
<arg>${email}</arg>
<status status="PASS" start="2024-08-09T14:01:39.101564" elapsed="0.092778"/>
</kw>
<arg>sample@gmail.com</arg>
<status status="PASS" start="2024-08-09T14:01:39.086011" elapsed="0.108331"/>
</kw>
<kw name="When I click the Signup button" owner="fe_sign_in_keywords">
<kw name="Verify If Element Is Existing" owner="global_keywords">
<kw name="Wait Until Keyword Succeeds" owner="BuiltIn">
<kw name="Element Should Be Visible" owner="SeleniumLibrary">
<msg time="2024-08-09T14:01:39.207916" level="INFO">Element 'css:div.signup-form button[data-qa=signup-button]' is displayed.</msg>
<arg>${locator}</arg>
<doc>Verifies that the element identified by ``locator`` is visible.</doc>
<status status="PASS" start="2024-08-09T14:01:39.195358" elapsed="0.013566"/>
</kw>
<arg>10s</arg>
<arg>1s</arg>
<arg>Element Should Be Visible</arg>
<arg>${locator}</arg>
<doc>Runs the specified keyword and retries if it fails.</doc>
<status status="PASS" start="2024-08-09T14:01:39.195358" elapsed="0.013566"/>
</kw>
<arg>${signup_button}</arg>
<status status="PASS" start="2024-08-09T14:01:39.195358" elapsed="0.013566"/>
</kw>
<kw name="Click Specific Element" owner="global_keywords">
<kw name="Wait Until Keyword Succeeds" owner="BuiltIn">
<kw name="Click Element" owner="SeleniumLibrary">
<msg time="2024-08-09T14:01:39.210175" level="INFO">Clicking element 'css:div.signup-form button[data-qa=signup-button]'.</msg>
<arg>${locator}</arg>
<doc>Click the element identified by ``locator``.</doc>
<status status="PASS" start="2024-08-09T14:01:39.210175" elapsed="0.756382"/>
</kw>
<arg>10s</arg>
<arg>1s</arg>
<arg>Click Element</arg>
<arg>${locator}</arg>
<doc>Runs the specified keyword and retries if it fails.</doc>
<status status="PASS" start="2024-08-09T14:01:39.208924" elapsed="0.757633"/>
</kw>
<arg>${signup_button}</arg>
<status status="PASS" start="2024-08-09T14:01:39.208924" elapsed="0.757633"/>
</kw>
<status status="PASS" start="2024-08-09T14:01:39.194342" elapsed="0.772215"/>
</kw>
<kw name="Sleep" owner="BuiltIn">
<msg time="2024-08-09T14:01:41.967791" level="INFO">Slept 2 seconds.</msg>
<arg>2s</arg>
<doc>Pauses the test executed for the given time.</doc>
<status status="PASS" start="2024-08-09T14:01:39.967556" elapsed="2.000235"/>
</kw>
<kw name="Main Teardown" owner="setup-teardown" type="TEARDOWN">
<kw name="Capture Page Screenshot" owner="SeleniumLibrary">
<msg time="2024-08-09T14:01:42.145898" level="INFO" html="true">&lt;/td&gt;&lt;/tr&gt;&lt;tr&gt;&lt;td colspan="3"&gt;&lt;a href="../testsuites/screenshots/selenium-screenshot-1.png"&gt;&lt;img src="../testsuites/screenshots/selenium-screenshot-1.png" width="800px"&gt;&lt;/a&gt;</msg>
<doc>Takes a screenshot of the current page and embeds it into a log file.</doc>
<status status="PASS" start="2024-08-09T14:01:41.969273" elapsed="0.177625"/>
</kw>
<kw name="Close All Browsers" owner="SeleniumLibrary">
<doc>Closes all open browsers and resets the browser cache.</doc>
<status status="PASS" start="2024-08-09T14:01:42.146898" elapsed="6.337030"/>
</kw>
<status status="PASS" start="2024-08-09T14:01:41.969273" elapsed="6.515665"/>
</kw>
<tag>EXISTING</tag>
<status status="PASS" start="2024-08-09T14:01:30.649823" elapsed="17.836116"/>
</test>
<status status="PASS" start="2024-08-09T14:01:30.496333" elapsed="17.992618"/>
</suite>
<status status="PASS" start="2024-08-09T14:01:30.474183" elapsed="18.019251"/>
</suite>
<statistics>
<total>
<stat pass="1" fail="0" skip="0">All Tests</stat>
</total>
<tag>
<stat pass="1" fail="0" skip="0">EXISTING</stat>
</tag>
<suite>
<stat pass="1" fail="0" skip="0" id="s1" name="Testsuites">Testsuites</stat>
<stat pass="1" fail="0" skip="0" id="s1-s1" name="Fe Sign Up">Testsuites.Fe Sign Up</stat>
</suite>
</statistics>
<errors>
</errors>
</robot>
